C51 COMPILER V9.56.0.0   LCD1602                                                           06/21/2017 14:50:44 PAGE 1   


C51 COMPILER V9.56.0.0, COMPILATION OF MODULE LCD1602
OBJECT MODULE PLACED IN .\Objects\LCD1602.obj
COMPILER INVOKED BY: d:\Keil_c51\C51\BIN\C51.EXE LCD1602.c OPTIMIZE(8,SPEED) BROWSE INCDIR(..\C51) DEBUG OBJECTEXTEND PR
                    -INT(.\Listings\LCD1602.lst) TABS(2) OBJECT(.\Objects\LCD1602.obj)

line level    source

   1          #include "LCD1602.h"
   2          #include "string.h"
   3          #include "stdio.h"
   4          #include "stdlib.h"
   5          
   6          void DisplayListChar (unsigned char x,unsigned char y,uchar dat)//显示的字符串
   7           { 
   8   1          unsigned address;
   9   1          if(y==1) 
  10   1              address=0x80+x;  
  11   1          else 
  12   1              address= 0xC0+x;
  13   1              LCD_write_command(address);
  14   1              LCD_write_data(dat);
  15   1       }
  16          
  17          void LCD_init(void)//初始化程序
  18          { 
  19   1          LCD_write_command(0x38);
  20   1          LCD_write_command(0x0c);
  21   1          LCD_write_command(0x06);
  22   1          LCD_write_command(0x01);
  23   1          delay_n40us(100);
  24   1      }
  25          
  26          void LCD_write_command(uchar command)//指令程序
  27          { 
  28   1          LCD_DB=command;
  29   1          LCD_RS=0;
  30   1          LCD_RW=0; 
  31   1          LCD_E=1;
  32   1          LCD_E=0;
  33   1          delay_n40us(1);
  34   1       }
  35          
  36          void LCD_write_data(uchar dat)//数据指令
  37           {
  38   1          LCD_DB=dat; 
  39   1          LCD_RS=1;
  40   1          LCD_RW=0;
  41   1          LCD_E=1;
  42   1          LCD_E=0; 
  43   1          delay_n40us(1); 
  44   1      }
  45          
  46          void delay_n40us(uint n)//延时
  47           {
  48   1          uint i;    
  49   1          uchar j;
  50   1          for(i=n;i>0;i--)      
  51   1              for(j=0;j<2;j++);
  52   1       }
  53           
  54           void DisplayListString(unsigned char x,unsigned char y,char *s)
C51 COMPILER V9.56.0.0   LCD1602                                                           06/21/2017 14:50:44 PAGE 2   

  55           {
  56   1         while(*s != 0 && x < 16)
  57   1         {
  58   2           DisplayListChar(x, y,*s);
  59   2               x++;
  60   2               s++;
  61   2         }
  62   1           DisplayListChar(x, y,0);
  63   1       }
  64          
  65          void DisplayListNum(unsigned char x,unsigned char y,int num)
  66           {
  67   1            char str[16];
  68   1            //itoa(num,str,10);
  69   1            sprintf(str,"%d",num);
  70   1            DisplayListString(x,y,str);
  71   1       }
  72          
  73          void DisplayClear()
  74           {
  75   1            char i,j;
  76   1            for(j=0;j<2;j++)
  77   1              for(i=0;i<16;i++)
  78   1               DisplayListChar(i, j,0);
  79   1       }
  80           


MODULE INFORMATION:   STATIC OVERLAYABLE
   CODE SIZE        =    253    ----
   CONSTANT SIZE    =      3    ----
   XDATA SIZE       =   ----    ----
   PDATA SIZE       =   ----    ----
   DATA SIZE        =   ----      28
   IDATA SIZE       =   ----    ----
   BIT SIZE         =   ----    ----
END OF MODULE INFORMATION.


C51 COMPILATION COMPLETE.  0 WARNING(S),  0 ERROR(S)
